<?xml version="1.0" encoding="UTF-8"?>
<!-- Generated by org.testng.reporters.JUnitReportReporter -->
<testsuite hostname="LAPTOP-P8M0G3I9" failures="0" tests="1" name="test.Hefd" time="0.012" errors="0" timestamp="2023-03-28T14:06:19 EDT" skipped="0">
  <testcase classname="test.Hefd" name="jndjk" time="0.012"/>
  <system-out/>
</testsuite> <!-- test.Hefd -->
